 command line:
   ./mealy_wf_isim_beh.exe
     -intstyle  ise
     -ipchost  localhost
     -ipcport  59621

Mon Jun 05 00:17:25 2023

Total Line Count : 76

 Elaboration time : 0 sec.

 Estimate current memory usage : 158.208 Meg. 

 Total Signals          : 13
 Total Nets             : 12
 Total Signal Drivers   : 7
 Total Blocks           : 3
 Total Primitive Blocks : 2
 Total Processes        : 12
 Total Traceable Variables  : 28
 Total Scalar Nets and Variables : 169
ntrace select -o on -m / -l this 
ntrace start 
isimrun 1000 ns 
Simulator is doing circuit initialization process.
Finished circuit initialization process.

 Simulation time 0.015625 sec.

 Estimate current memory usage : 163.68 Meg. 

Mon Jun 05 00:18:10 2023

