 command line:
   ./convolution_wf_isim_beh.exe
     -intstyle  ise
     -ipchost  localhost
     -ipcport  50744

Sun May 21 19:27:56 2023

Total Line Count : 84

 Elaboration time : 0 sec.

 Estimate current memory usage : 158.659 Meg. 

 Total Signals          : 14
 Total Nets             : 37
 Total Signal Drivers   : 10
 Total Blocks           : 3
 Total Primitive Blocks : 2
 Total Processes        : 13
 Total Traceable Variables  : 21
 Total Scalar Nets and Variables : 188
ntrace select -o on -m / -l this 
ntrace start 
isimrun 1000 ns 
Simulator is doing circuit initialization process.
Finished circuit initialization process.

 Simulation time 0.015625 sec.

 Estimate current memory usage : 164.131 Meg. 

Sun May 21 19:31:01 2023

