Release 9.2i - xst J.36
Copyright (c) 1995-2007 Xilinx, Inc.  All rights reserved.
--> Parameter TMPDIR set to ./xst/projnav.tmp
CPU : 0.00 / 0.03 s | Elapsed : 0.00 / 0.00 s
 
--> Parameter xsthdpdir set to ./xst
CPU : 0.00 / 0.03 s | Elapsed : 0.00 / 0.00 s
 
--> Reading design: seq_detector.prj

TABLE OF CONTENTS
  1) Synthesis Options Summary
  2) HDL Compilation
  3) Design Hierarchy Analysis
  4) HDL Analysis
  5) HDL Synthesis
     5.1) HDL Synthesis Report
  6) Advanced HDL Synthesis
     6.1) Advanced HDL Synthesis Report
  7) Low Level Synthesis
  8) Partition Report
  9) Final Report

=========================================================================
*                      Synthesis Options Summary                        *
=========================================================================
---- Source Parameters
Input File Name                    : "seq_detector.prj"
Input Format                       : mixed
Ignore Synthesis Constraint File   : NO

---- Target Parameters
Output File Name                   : "seq_detector"
Output Format                      : NGC
Target Device                      : Automotive 9500XL

---- Source Options
Top Module Name                    : seq_detector
Automatic FSM Extraction           : YES
FSM Encoding Algorithm             : Auto
Safe Implementation                : No
Mux Extraction                     : YES
Resource Sharing                   : YES

---- Target Options
Add IO Buffers                     : YES
MACRO Preserve                     : YES
XOR Preserve                       : YES
Equivalent register Removal        : YES

---- General Options
Optimization Goal                  : Speed
Optimization Effort                : 1
Library Search Order               : seq_detector.lso
Keep Hierarchy                     : YES
RTL Output                         : Yes
Hierarchy Separator                : /
Bus Delimiter                      : <>
Case Specifier                     : maintain
Verilog 2001                       : YES

---- Other Options
Clock Enable                       : YES
wysiwyg                            : NO

=========================================================================


=========================================================================
*                          HDL Compilation                              *
=========================================================================
Compiling verilog file "seq_detector.v" in library work
Module <seq_detector> compiled
No errors in compilation
Analysis of file <"seq_detector.prj"> succeeded.
 

=========================================================================
*                     Design Hierarchy Analysis                         *
=========================================================================
Analyzing hierarchy for module <seq_detector> in library <work> with parameters.
	S0 = "00000000000000000000000000000000"
	S1 = "00000000000000000000000000000001"
	S2 = "00000000000000000000000000000010"
	S3 = "00000000000000000000000000000011"
	S4 = "00000000000000000000000000000100"


=========================================================================
*                            HDL Analysis                               *
=========================================================================
Analyzing top module <seq_detector>.
	S0 = 32'sb00000000000000000000000000000000
	S1 = 32'sb00000000000000000000000000000001
	S2 = 32'sb00000000000000000000000000000010
	S3 = 32'sb00000000000000000000000000000011
	S4 = 32'sb00000000000000000000000000000100
WARNING:Xst:2323 - "seq_detector.v" line 25: Parameter 1 is not constant in call of system task $display.
"seq_detector.v" line 25: $display : 
WARNING:Xst:2323 - "seq_detector.v" line 30: Parameter 1 is not constant in call of system task $display.
"seq_detector.v" line 30: $display : 
WARNING:Xst:2323 - "seq_detector.v" line 35: Parameter 1 is not constant in call of system task $display.
"seq_detector.v" line 35: $display : 
WARNING:Xst:2323 - "seq_detector.v" line 40: Parameter 1 is not constant in call of system task $display.
"seq_detector.v" line 40: $display : 
Module <seq_detector> is correct for synthesis.
 

=========================================================================
*                           HDL Synthesis                               *
=========================================================================

Performing bidirectional port resolution...
INFO:Xst:2679 - Register <z> in unit <seq_detector> has a constant value of 0 during circuit operation. The register is replaced by logic.

Synthesizing Unit <seq_detector>.
    Related source file is "seq_detector.v".
WARNING:Xst:737 - Found 2-bit latch for signal <NS>.
INFO:Xst:2371 - HDL ADVISOR - Logic functions respectively driving the data and gate enable inputs of this latch share common terms. This situation will potentially lead to setup/hold violations and, as a result, to simulation problems. This situation may come from an incomplete case statement (all selector values are not covered). You should carefully review if it was in your intentions to describe such a latch.
    Found 2-bit register for signal <PS>.
Unit <seq_detector> synthesized.


=========================================================================
HDL Synthesis Report

Macro Statistics
# Registers                                            : 1
 2-bit register                                        : 1
# Latches                                              : 1
 2-bit latch                                           : 1

=========================================================================

=========================================================================
*                       Advanced HDL Synthesis                          *
=========================================================================


=========================================================================
Advanced HDL Synthesis Report

Macro Statistics
# Registers                                            : 2
 Flip-Flops                                            : 2
# Latches                                              : 1
 2-bit latch                                           : 1

=========================================================================

=========================================================================
*                         Low Level Synthesis                           *
=========================================================================
WARNING:Xst:2677 - Node <NS_0> of sequential type is unconnected in block <seq_detector>.
WARNING:Xst:2677 - Node <NS_1> of sequential type is unconnected in block <seq_detector>.
WARNING:Xst:2677 - Node <PS_0> of sequential type is unconnected in block <seq_detector>.
WARNING:Xst:2677 - Node <PS_1> of sequential type is unconnected in block <seq_detector>.

Optimizing unit <seq_detector> ...

=========================================================================
*                          Partition Report                             *
=========================================================================

Partition Implementation Status
-------------------------------

  No Partitions were found in this design.

-------------------------------

=========================================================================
*                            Final Report                               *
=========================================================================
Final Results
RTL Top Level Output File Name     : seq_detector.ngr
Top Level Output File Name         : seq_detector
Output Format                      : NGC
Optimization Goal                  : Speed
Keep Hierarchy                     : YES
Target Technology                  : Automotive 9500XL
Macro Preserve                     : YES
XOR Preserve                       : YES
Clock Enable                       : YES
wysiwyg                            : NO

Design Statistics
# IOs                              : 4

Cell Usage :
# BELS                             : 1
#      GND                         : 1
# IO Buffers                       : 1
#      OBUF                        : 1
=========================================================================
CPU : 0.62 / 0.67 s | Elapsed : 1.00 / 1.00 s
 
--> 

Total memory usage is 181288 kilobytes

Number of errors   :    0 (   0 filtered)
Number of warnings :    9 (   0 filtered)
Number of infos    :    2 (   0 filtered)

