 command line:
   ./encoder_wf_isim_beh.exe
     -intstyle  ise
     -ipchost  localhost
     -ipcport  50055

Sun May 28 21:01:22 2023

Total Line Count : 62

 Elaboration time : 0 sec.

 Estimate current memory usage : 157.475 Meg. 

 Total Signals          : 11
 Total Nets             : 19
 Total Signal Drivers   : 5
 Total Blocks           : 3
 Total Primitive Blocks : 2
 Total Processes        : 8
 Total Traceable Variables  : 19
 Total Scalar Nets and Variables : 104
ntrace select -o on -n /encoder_wf/y 
ntrace select -o on -n /encoder_wf/x 
ntrace start 
isimrun 1000 ns 
Simulator is doing circuit initialization process.
Finished circuit initialization process.

 Simulation time 0.03125 sec.

 Estimate current memory usage : 163.115 Meg. 

Sun May 28 21:04:33 2023

